#
# There is insufficient memory for the Java Runtime Environment to continue.
# Native memory allocation (malloc) failed to allocate 32744 bytes for ChunkPool::allocate
# Possible reasons:
#   The system is out of physical RAM or swap space
#   The process is running with CompressedOops enabled, and the Java Heap may be blocking the growth of the native heap
# Possible solutions:
#   Reduce memory load on the system
#   Increase physical memory or swap space
#   Check if swap backing store is full
#   Decrease Java heap size (-Xmx/-Xms)
#   Decrease number of Java threads
#   Decrease Java thread stack sizes (-Xss)
#   Set larger code cache with -XX:ReservedCodeCacheSize=
#   JVM is running with Unscaled Compressed Oops mode in which the Java heap is
#     placed in the first 4GB address space. The Java Heap base address is the
#     maximum limit for the native heap growth. Please use -XX:HeapBaseMinAddress
#     to set the Java Heap base and to place the Java Heap above 4GB virtual address.
# This output file may be truncated or incomplete.
#
#  Out of Memory Error (allocation.cpp:272), pid=1588, tid=0x0000000000001ae4
#
# JRE version: Java(TM) SE Runtime Environment (8.0_271-b09) (build 1.8.0_271-b09)
# Java VM: Java HotSpot(TM) 64-Bit Server VM (25.271-b09 mixed mode windows-amd64 compressed oops)
# Failed to write core dump. Minidumps are not enabled by default on client versions of Windows
#

---------------  T H R E A D  ---------------

Current thread (0x00000253a3658800):  JavaThread "C2 CompilerThread0" daemon [_thread_in_native, id=6884, stack(0x000000a0f0e00000,0x000000a0f0f00000)]

Stack: [0x000000a0f0e00000,0x000000a0f0f00000]
Native frames: (J=compiled Java code, j=interpreted, Vv=VM code, C=native code)
V  [jvm.dll+0x33f6c9]


Current CompileTask:
C2:   4553 1730   !   4       java.net.URLClassLoader$1::run (63 bytes)


---------------  P R O C E S S  ---------------

Java Threads: ( => current thread )
  0x00000253a3704000 JavaThread "Service Thread" daemon [_thread_blocked, id=4748, stack(0x000000a0f1100000,0x000000a0f1200000)]
  0x00000253a36bf000 JavaThread "C1 CompilerThread2" daemon [_thread_blocked, id=8796, stack(0x000000a0f1000000,0x000000a0f1100000)]
  0x00000253a36bc000 JavaThread "C2 CompilerThread1" daemon [_thread_in_native, id=2160, stack(0x000000a0f0f00000,0x000000a0f1000000)]
=>0x00000253a3658800 JavaThread "C2 CompilerThread0" daemon [_thread_in_native, id=6884, stack(0x000000a0f0e00000,0x000000a0f0f00000)]
  0x00000253a1fca000 JavaThread "JDWP Command Reader" daemon [_thread_in_native, id=5404, stack(0x000000a0f0d00000,0x000000a0f0e00000)]
  0x00000253a1fc6800 JavaThread "JDWP Event Helper Thread" daemon [_thread_blocked, id=10800, stack(0x000000a0f0c00000,0x000000a0f0d00000)]
  0x00000253a1fc4800 JavaThread "JDWP Transport Listener: dt_socket" daemon [_thread_blocked, id=3592, stack(0x000000a0f0b00000,0x000000a0f0c00000)]
  0x00000253a1fab800 JavaThread "Attach Listener" daemon [_thread_blocked, id=8820, stack(0x000000a0f0a00000,0x000000a0f0b00000)]
  0x00000253a1fab000 JavaThread "Signal Dispatcher" daemon [_thread_blocked, id=1072, stack(0x000000a0f0900000,0x000000a0f0a00000)]
  0x00000253a1f81000 JavaThread "Finalizer" daemon [_thread_blocked, id=2064, stack(0x000000a0f0800000,0x000000a0f0900000)]
  0x00000253a1f75800 JavaThread "Reference Handler" daemon [_thread_blocked, id=11184, stack(0x000000a0f0700000,0x000000a0f0800000)]
  0x000002538bec6000 JavaThread "main" [_thread_in_native, id=1032, stack(0x000000a0f0100000,0x000000a0f0200000)]

Other Threads:
  0x00000253a1f4b800 VMThread [stack: 0x000000a0f0600000,0x000000a0f0700000] [id=1728]
  0x00000253a3783800 WatcherThread [stack: 0x000000a0f1200000,0x000000a0f1300000] [id=3896]

VM state:not at safepoint (normal execution)

VM Mutex/Monitor currently owned by a thread: None

heap address: 0x0000000081800000, size: 2024 MB, Compressed Oops mode: 32-bit
Narrow klass base: 0x0000000000000000, Narrow klass shift: 3
Compressed class space size: 1073741824 Address: 0x0000000100000000

Heap:
 PSYoungGen      total 71680K, used 33693K [0x00000000d5d80000, 0x00000000da880000, 0x0000000100000000)
  eden space 66560K, 43% used [0x00000000d5d80000,0x00000000d798ca68,0x00000000d9e80000)
  from space 5120K, 97% used [0x00000000da380000,0x00000000da85a9d0,0x00000000da880000)
  to   space 5120K, 0% used [0x00000000d9e80000,0x00000000d9e80000,0x00000000da380000)
 ParOldGen       total 57856K, used 8119K [0x0000000081800000, 0x0000000085080000, 0x00000000d5d80000)
  object space 57856K, 14% used [0x0000000081800000,0x0000000081fedf18,0x0000000085080000)
 Metaspace       used 24688K, capacity 25404K, committed 25600K, reserved 1071104K
  class space    used 3102K, capacity 3267K, committed 3328K, reserved 1048576K

Card table byte_map: [0x000002539cb80000,0x000002539cf80000] byte_map_base: 0x000002539c774000

Marking Bits: (ParMarkBitMap*) 0x0000000059747fe0
 Begin Bits: [0x000002539d230000, 0x000002539f1d0000)
 End Bits:   [0x000002539f1d0000, 0x00000253a1170000)

Polling page: 0x000002538d790000

CodeCache: size=245760Kb used=6644Kb max_used=6644Kb free=239116Kb
 bounds [0x000002538d7c0000, 0x000002538de40000, 0x000002539c7c0000]
 total_blobs=2336 nmethods=1967 adapters=289
 compilation: enabled

Compilation events (10 events):
Event: 4.528 Thread 0x00000253a36bf000 1972       3       java.lang.invoke.LambdaForm$NamedFunction::member (26 bytes)
Event: 4.528 Thread 0x00000253a36bf000 nmethod 1972 0x000002538de385d0 code [0x000002538de38720, 0x000002538de38898]
Event: 4.529 Thread 0x00000253a36bf000 1973       3       java.lang.invoke.InvokerBytecodeGenerator::isStaticallyInvocable (169 bytes)
Event: 4.532 Thread 0x00000253a36bf000 nmethod 1973 0x000002538de38910 code [0x000002538de38d80, 0x000002538de3bee0]
Event: 4.533 Thread 0x00000253a36bf000 1974       3       java.lang.invoke.InvokerBytecodeGenerator::emitPushArguments (7 bytes)
Event: 4.533 Thread 0x00000253a36bf000 nmethod 1974 0x000002538de3d690 code [0x000002538de3d840, 0x000002538de3dee0]
Event: 4.534 Thread 0x00000253a36bf000 1975       3       java.lang.invoke.LambdaForm::returnType (26 bytes)
Event: 4.534 Thread 0x00000253a36bf000 nmethod 1975 0x000002538de3e450 code [0x000002538de3e5c0, 0x000002538de3e798]
Event: 4.535 Thread 0x00000253a36bf000 1976       3       java.lang.invoke.BoundMethodHandle::<init> (32 bytes)
Event: 4.536 Thread 0x00000253a36bf000 nmethod 1976 0x000002538de3e890 code [0x000002538de3ea20, 0x000002538de3ee60]

GC Heap History (10 events):
Event: 2.764 GC heap before
{Heap before GC invocations=3 (full 0):
 PSYoungGen      total 38400K, used 37941K [0x00000000d5d80000, 0x00000000d8800000, 0x0000000100000000)
  eden space 33280K, 100% used [0x00000000d5d80000,0x00000000d7e00000,0x00000000d7e00000)
  from space 5120K, 91% used [0x00000000d8300000,0x00000000d878d578,0x00000000d8800000)
  to   space 5120K, 0% used [0x00000000d7e00000,0x00000000d7e00000,0x00000000d8300000)
 ParOldGen       total 87552K, used 24K [0x0000000081800000, 0x0000000086d80000, 0x00000000d5d80000)
  object space 87552K, 0% used [0x0000000081800000,0x0000000081806000,0x0000000086d80000)
 Metaspace       used 13766K, capacity 14244K, committed 14592K, reserved 1062912K
  class space    used 1782K, capacity 1925K, committed 2048K, reserved 1048576K
Event: 2.773 GC heap after
Heap after GC invocations=3 (full 0):
 PSYoungGen      total 38400K, used 5006K [0x00000000d5d80000, 0x00000000da880000, 0x0000000100000000)
  eden space 33280K, 0% used [0x00000000d5d80000,0x00000000d5d80000,0x00000000d7e00000)
  from space 5120K, 97% used [0x00000000d7e00000,0x00000000d82e3910,0x00000000d8300000)
  to   space 5120K, 0% used [0x00000000da380000,0x00000000da380000,0x00000000da880000)
 ParOldGen       total 87552K, used 32K [0x0000000081800000, 0x0000000086d80000, 0x00000000d5d80000)
  object space 87552K, 0% used [0x0000000081800000,0x0000000081808000,0x0000000086d80000)
 Metaspace       used 13766K, capacity 14244K, committed 14592K, reserved 1062912K
  class space    used 1782K, capacity 1925K, committed 2048K, reserved 1048576K
}
Event: 3.163 GC heap before
{Heap before GC invocations=4 (full 0):
 PSYoungGen      total 38400K, used 38286K [0x00000000d5d80000, 0x00000000da880000, 0x0000000100000000)
  eden space 33280K, 100% used [0x00000000d5d80000,0x00000000d7e00000,0x00000000d7e00000)
  from space 5120K, 97% used [0x00000000d7e00000,0x00000000d82e3910,0x00000000d8300000)
  to   space 5120K, 0% used [0x00000000da380000,0x00000000da380000,0x00000000da880000)
 ParOldGen       total 87552K, used 32K [0x0000000081800000, 0x0000000086d80000, 0x00000000d5d80000)
  object space 87552K, 0% used [0x0000000081800000,0x0000000081808000,0x0000000086d80000)
 Metaspace       used 16577K, capacity 17132K, committed 17280K, reserved 1064960K
  class space    used 2164K, capacity 2319K, committed 2432K, reserved 1048576K
Event: 3.172 GC heap after
Heap after GC invocations=4 (full 0):
 PSYoungGen      total 71680K, used 5103K [0x00000000d5d80000, 0x00000000da880000, 0x0000000100000000)
  eden space 66560K, 0% used [0x00000000d5d80000,0x00000000d5d80000,0x00000000d9e80000)
  from space 5120K, 99% used [0x00000000da380000,0x00000000da87bf20,0x00000000da880000)
  to   space 5120K, 0% used [0x00000000d9e80000,0x00000000d9e80000,0x00000000da380000)
 ParOldGen       total 87552K, used 1277K [0x0000000081800000, 0x0000000086d80000, 0x00000000d5d80000)
  object space 87552K, 1% used [0x0000000081800000,0x000000008193f530,0x0000000086d80000)
 Metaspace       used 16577K, capacity 17132K, committed 17280K, reserved 1064960K
  class space    used 2164K, capacity 2319K, committed 2432K, reserved 1048576K
}
Event: 3.518 GC heap before
{Heap before GC invocations=5 (full 0):
 PSYoungGen      total 71680K, used 47822K [0x00000000d5d80000, 0x00000000da880000, 0x0000000100000000)
  eden space 66560K, 64% used [0x00000000d5d80000,0x00000000d8737bd0,0x00000000d9e80000)
  from space 5120K, 99% used [0x00000000da380000,0x00000000da87bf20,0x00000000da880000)
  to   space 5120K, 0% used [0x00000000d9e80000,0x00000000d9e80000,0x00000000da380000)
 ParOldGen       total 87552K, used 1277K [0x0000000081800000, 0x0000000086d80000, 0x00000000d5d80000)
  object space 87552K, 1% used [0x0000000081800000,0x000000008193f530,0x0000000086d80000)
 Metaspace       used 20576K, capacity 21100K, committed 21248K, reserved 1067008K
  class space    used 2556K, capacity 2703K, committed 2816K, reserved 1048576K
Event: 3.531 GC heap after
Heap after GC invocations=5 (full 0):
 PSYoungGen      total 71680K, used 5117K [0x00000000d5d80000, 0x00000000da880000, 0x0000000100000000)
  eden space 66560K, 0% used [0x00000000d5d80000,0x00000000d5d80000,0x00000000d9e80000)
  from space 5120K, 99% used [0x00000000d9e80000,0x00000000da37f5b8,0x00000000da380000)
  to   space 5120K, 0% used [0x00000000da380000,0x00000000da380000,0x00000000da880000)
 ParOldGen       total 87552K, used 4463K [0x0000000081800000, 0x0000000086d80000, 0x00000000d5d80000)
  object space 87552K, 5% used [0x0000000081800000,0x0000000081c5bf38,0x0000000086d80000)
 Metaspace       used 20576K, capacity 21100K, committed 21248K, reserved 1067008K
  class space    used 2556K, capacity 2703K, committed 2816K, reserved 1048576K
}
Event: 3.531 GC heap before
{Heap before GC invocations=6 (full 1):
 PSYoungGen      total 71680K, used 5117K [0x00000000d5d80000, 0x00000000da880000, 0x0000000100000000)
  eden space 66560K, 0% used [0x00000000d5d80000,0x00000000d5d80000,0x00000000d9e80000)
  from space 5120K, 99% used [0x00000000d9e80000,0x00000000da37f5b8,0x00000000da380000)
  to   space 5120K, 0% used [0x00000000da380000,0x00000000da380000,0x00000000da880000)
 ParOldGen       total 87552K, used 4463K [0x0000000081800000, 0x0000000086d80000, 0x00000000d5d80000)
  object space 87552K, 5% used [0x0000000081800000,0x0000000081c5bf38,0x0000000086d80000)
 Metaspace       used 20576K, capacity 21100K, committed 21248K, reserved 1067008K
  class space    used 2556K, capacity 2703K, committed 2816K, reserved 1048576K
Event: 3.575 GC heap after
Heap after GC invocations=6 (full 1):
 PSYoungGen      total 71680K, used 0K [0x00000000d5d80000, 0x00000000da880000, 0x0000000100000000)
  eden space 66560K, 0% used [0x00000000d5d80000,0x00000000d5d80000,0x00000000d9e80000)
  from space 5120K, 0% used [0x00000000d9e80000,0x00000000d9e80000,0x00000000da380000)
  to   space 5120K, 0% used [0x00000000da380000,0x00000000da380000,0x00000000da880000)
 ParOldGen       total 57856K, used 8111K [0x0000000081800000, 0x0000000085080000, 0x00000000d5d80000)
  object space 57856K, 14% used [0x0000000081800000,0x0000000081febf18,0x0000000085080000)
 Metaspace       used 20574K, capacity 21094K, committed 21248K, reserved 1067008K
  class space    used 2555K, capacity 2702K, committed 2816K, reserved 1048576K
}
Event: 4.420 GC heap before
{Heap before GC invocations=7 (full 1):
 PSYoungGen      total 71680K, used 66560K [0x00000000d5d80000, 0x00000000da880000, 0x0000000100000000)
  eden space 66560K, 100% used [0x00000000d5d80000,0x00000000d9e80000,0x00000000d9e80000)
  from space 5120K, 0% used [0x00000000d9e80000,0x00000000d9e80000,0x00000000da380000)
  to   space 5120K, 0% used [0x00000000da380000,0x00000000da380000,0x00000000da880000)
 ParOldGen       total 57856K, used 8111K [0x0000000081800000, 0x0000000085080000, 0x00000000d5d80000)
  object space 57856K, 14% used [0x0000000081800000,0x0000000081febf18,0x0000000085080000)
 Metaspace       used 24120K, capacity 24848K, committed 25088K, reserved 1071104K
  class space    used 3043K, capacity 3229K, committed 3328K, reserved 1048576K
Event: 4.426 GC heap after
Heap after GC invocations=7 (full 1):
 PSYoungGen      total 71680K, used 4970K [0x00000000d5d80000, 0x00000000da880000, 0x0000000100000000)
  eden space 66560K, 0% used [0x00000000d5d80000,0x00000000d5d80000,0x00000000d9e80000)
  from space 5120K, 97% used [0x00000000da380000,0x00000000da85a9d0,0x00000000da880000)
  to   space 5120K, 0% used [0x00000000d9e80000,0x00000000d9e80000,0x00000000da380000)
 ParOldGen       total 57856K, used 8119K [0x0000000081800000, 0x0000000085080000, 0x00000000d5d80000)
  object space 57856K, 14% used [0x0000000081800000,0x0000000081fedf18,0x0000000085080000)
 Metaspace       used 24120K, capacity 24848K, committed 25088K, reserved 1071104K
  class space    used 3043K, capacity 3229K, committed 3328K, reserved 1048576K
}

Deoptimization events (10 events):
Event: 2.986 Thread 0x000002538bec6000 Uncommon trap: reason=class_check action=maybe_recompile pc=0x000002538dc06644 method=java.util.HashSet.contains(Ljava/lang/Object;)Z @ 5
Event: 2.986 Thread 0x000002538bec6000 Uncommon trap: reason=class_check action=maybe_recompile pc=0x000002538dc06644 method=java.util.HashSet.contains(Ljava/lang/Object;)Z @ 5
Event: 3.002 Thread 0x000002538bec6000 Uncommon trap: reason=unstable_if action=reinterpret pc=0x000002538dbd3e00 method=java.util.HashMap.getNode(ILjava/lang/Object;)Ljava/util/HashMap$Node; @ 129
Event: 3.002 Thread 0x000002538bec6000 Uncommon trap: reason=unstable_if action=reinterpret pc=0x000002538da4ecc8 method=java.util.HashMap.getNode(ILjava/lang/Object;)Ljava/util/HashMap$Node; @ 129
Event: 3.785 Thread 0x000002538bec6000 Uncommon trap: reason=class_check action=maybe_recompile pc=0x000002538d97f814 method=java.lang.String.equals(Ljava/lang/Object;)Z @ 8
Event: 3.814 Thread 0x00000253a3d20000 Uncommon trap: reason=unstable_if action=reinterpret pc=0x000002538dbc0468 method=jdk.internal.org.objectweb.asm.Type.getArgumentsAndReturnSizes(Ljava/lang/String;)I @ 47
Event: 3.841 Thread 0x000002538bec6000 Uncommon trap: reason=class_check action=maybe_recompile pc=0x000002538d97f814 method=java.lang.String.equals(Ljava/lang/Object;)Z @ 8
Event: 3.841 Thread 0x000002538bec6000 Uncommon trap: reason=class_check action=maybe_recompile pc=0x000002538d97f814 method=java.lang.String.equals(Ljava/lang/Object;)Z @ 8
Event: 3.841 Thread 0x000002538bec6000 Uncommon trap: reason=class_check action=maybe_recompile pc=0x000002538d97f814 method=java.lang.String.equals(Ljava/lang/Object;)Z @ 8
Event: 3.984 Thread 0x000002538bec6000 Uncommon trap: reason=unstable_if action=reinterpret pc=0x000002538da15a2c method=java.io.WinNTFileSystem.normalize(Ljava/lang/String;)Ljava/lang/String; @ 128

Classes redefined (0 events):
No events

Internal exceptions (10 events):
Event: 3.953 Thread 0x000002538bec6000 Exception <a 'java/lang/ClassNotFoundException': org/springframework/beans/factory/config/BeanFactoryPostProcessorCustomizer> (0x00000000d79e36c8) thrown at [C:\jenkins\workspace\8-2-build-windows-amd64-cygwin\jdk8u271\605\hotspot\src\share\vm\classfile\s
Event: 3.953 Thread 0x000002538bec6000 Exception <a 'java/lang/ClassNotFoundException': org/springframework/core/PriorityOrderedCustomizer> (0x00000000d79fe638) thrown at [C:\jenkins\workspace\8-2-build-windows-amd64-cygwin\jdk8u271\605\hotspot\src\share\vm\classfile\systemDictionary.cpp, line
Event: 3.954 Thread 0x000002538bec6000 Exception <a 'java/lang/ClassNotFoundException': org/springframework/core/OrderedCustomizer> (0x00000000d7a15990) thrown at [C:\jenkins\workspace\8-2-build-windows-amd64-cygwin\jdk8u271\605\hotspot\src\share\vm\classfile\systemDictionary.cpp, line 212]
Event: 3.955 Thread 0x000002538bec6000 Exception <a 'java/lang/ClassNotFoundException': org/springframework/context/ResourceLoaderAwareCustomizer> (0x00000000d7a33570) thrown at [C:\jenkins\workspace\8-2-build-windows-amd64-cygwin\jdk8u271\605\hotspot\src\share\vm\classfile\systemDictionary.cp
Event: 3.955 Thread 0x000002538bec6000 Exception <a 'java/lang/ClassNotFoundException': org/springframework/beans/factory/AwareCustomizer> (0x00000000d7a4e778) thrown at [C:\jenkins\workspace\8-2-build-windows-amd64-cygwin\jdk8u271\605\hotspot\src\share\vm\classfile\systemDictionary.cpp, line 
Event: 3.956 Thread 0x000002538bec6000 Exception <a 'java/lang/ClassNotFoundException': org/springframework/beans/factory/BeanClassLoaderAwareCustomizer> (0x00000000d7a6e428) thrown at [C:\jenkins\workspace\8-2-build-windows-amd64-cygwin\jdk8u271\605\hotspot\src\share\vm\classfile\systemDictio
Event: 3.957 Thread 0x000002538bec6000 Exception <a 'java/lang/ClassNotFoundException': org/springframework/beans/factory/AwareCustomizer> (0x00000000d7a896c0) thrown at [C:\jenkins\workspace\8-2-build-windows-amd64-cygwin\jdk8u271\605\hotspot\src\share\vm\classfile\systemDictionary.cpp, line 
Event: 3.957 Thread 0x000002538bec6000 Exception <a 'java/lang/ClassNotFoundException': org/springframework/context/EnvironmentAwareCustomizer> (0x00000000d7aa5510) thrown at [C:\jenkins\workspace\8-2-build-windows-amd64-cygwin\jdk8u271\605\hotspot\src\share\vm\classfile\systemDictionary.cpp, 
Event: 3.958 Thread 0x000002538bec6000 Exception <a 'java/lang/ClassNotFoundException': org/springframework/beans/factory/AwareCustomizer> (0x00000000d7ac0688) thrown at [C:\jenkins\workspace\8-2-build-windows-amd64-cygwin\jdk8u271\605\hotspot\src\share\vm\classfile\systemDictionary.cpp, line 
Event: 4.534 Thread 0x000002538bec6000 Exception <a 'java/lang/IncompatibleClassChangeError': Found class java.lang.Object, but interface was expected> (0x00000000d790a680) thrown at [C:\jenkins\workspace\8-2-build-windows-amd64-cygwin\jdk8u271\605\hotspot\src\share\vm\interpreter\linkResolver

Events (10 events):
Event: 4.536 loading class org/springframework/boot/autoconfigure/AutoConfigurationSorter
Event: 4.536 loading class org/springframework/boot/autoconfigure/AutoConfigurationSorter done
Event: 4.537 loading class org/springframework/boot/autoconfigure/AutoConfigurationSorter$AutoConfigurationClasses
Event: 4.537 loading class org/springframework/boot/autoconfigure/AutoConfigurationSorter$AutoConfigurationClasses done
Event: 4.541 loading class org/springframework/boot/autoconfigure/AutoConfigurationSorter$AutoConfigurationClass
Event: 4.542 loading class org/springframework/boot/autoconfigure/AutoConfigurationSorter$AutoConfigurationClass done
Event: 4.544 loading class org/springframework/boot/autoconfigure/condition/ConditionalOnProperty
Event: 4.544 loading class org/springframework/boot/autoconfigure/condition/ConditionalOnProperty done
Event: 4.545 loading class org/springframework/boot/autoconfigure/condition/OnPropertyCondition
Event: 4.545 loading class org/springframework/boot/autoconfigure/condition/OnPropertyCondition done


Dynamic libraries:
0x00007ff71bd80000 - 0x00007ff71bdc7000 	C:\Program Files\Java\jdk1.8.0_271\bin\java.exe
0x00007ffa07710000 - 0x00007ffa078e2000 	C:\WINDOWS\SYSTEM32\ntdll.dll
0x00007ffa074b0000 - 0x00007ffa0755c000 	C:\WINDOWS\System32\KERNEL32.DLL
0x00007ffa043a0000 - 0x00007ffa045bd000 	C:\WINDOWS\System32\KERNELBASE.dll
0x00007ffa05050000 - 0x00007ffa050f2000 	C:\WINDOWS\System32\ADVAPI32.dll
0x00007ffa07410000 - 0x00007ffa074ae000 	C:\WINDOWS\System32\msvcrt.dll
0x00007ffa073a0000 - 0x00007ffa073f9000 	C:\WINDOWS\System32\sechost.dll
0x00007ffa04ce0000 - 0x00007ffa04e01000 	C:\WINDOWS\System32\RPCRT4.dll
0x00007ffa054e0000 - 0x00007ffa05645000 	C:\WINDOWS\System32\USER32.dll
0x00007ffa04a60000 - 0x00007ffa04a7e000 	C:\WINDOWS\System32\win32u.dll
0x00007ffa04ca0000 - 0x00007ffa04cd4000 	C:\WINDOWS\System32\GDI32.dll
0x00007ffa047f0000 - 0x00007ffa04970000 	C:\WINDOWS\System32\gdi32full.dll
0x00007ff9f8430000 - 0x00007ff9f86aa000 	C:\WINDOWS\WinSxS\amd64_microsoft.windows.common-controls_6595b64144ccf1df_6.0.14393.953_none_42151e83c686086b\COMCTL32.dll
0x00007ffa05650000 - 0x00007ffa05918000 	C:\WINDOWS\System32\combase.dll
0x00007ffa04a80000 - 0x00007ffa04b75000 	C:\WINDOWS\System32\ucrtbase.dll
0x00007ffa04b80000 - 0x00007ffa04bea000 	C:\WINDOWS\System32\bcryptPrimitives.dll
0x00007ffa04fb0000 - 0x00007ffa04fde000 	C:\WINDOWS\System32\IMM32.DLL
0x00007ffa021c0000 - 0x00007ffa021d5000 	C:\Program Files\Java\jdk1.8.0_271\jre\bin\vcruntime140.dll
0x00007ff9f5bb0000 - 0x00007ff9f5c4b000 	C:\Program Files\Java\jdk1.8.0_271\jre\bin\msvcp140.dll
0x0000000058f50000 - 0x00000000597bf000 	C:\Program Files\Java\jdk1.8.0_271\jre\bin\server\jvm.dll
0x00007ffa07400000 - 0x00007ffa07408000 	C:\WINDOWS\System32\PSAPI.DLL
0x00007ff9eccc0000 - 0x00007ff9eccc9000 	C:\WINDOWS\SYSTEM32\WSOCK32.dll
0x00007ffa07560000 - 0x00007ffa075ca000 	C:\WINDOWS\System32\WS2_32.dll
0x00007ffa02160000 - 0x00007ffa02183000 	C:\WINDOWS\SYSTEM32\WINMM.dll
0x00007ff9f4fa0000 - 0x00007ff9f4faa000 	C:\WINDOWS\SYSTEM32\VERSION.dll
0x00007ffa02130000 - 0x00007ffa0215b000 	C:\WINDOWS\SYSTEM32\WINMMBASE.dll
0x00007ffa04970000 - 0x00007ffa049b2000 	C:\WINDOWS\System32\cfgmgr32.dll
0x00007ffa03be0000 - 0x00007ffa03bef000 	C:\WINDOWS\System32\kernel.appcore.dll
0x00007ffa02060000 - 0x00007ffa02070000 	C:\Program Files\Java\jdk1.8.0_271\jre\bin\verify.dll
0x00007ffa01830000 - 0x00007ffa0185b000 	C:\Program Files\Java\jdk1.8.0_271\jre\bin\java.dll
0x00007ff9f62c0000 - 0x00007ff9f62f6000 	C:\Program Files\Java\jdk1.8.0_271\jre\bin\jdwp.dll
0x00007ffa01740000 - 0x00007ffa01749000 	C:\Program Files\Java\jdk1.8.0_271\jre\bin\npt.dll
0x00007ff9fa550000 - 0x00007ff9fa580000 	C:\Program Files\Java\jdk1.8.0_271\jre\bin\instrument.dll
0x00007ffa01760000 - 0x00007ffa01778000 	C:\Program Files\Java\jdk1.8.0_271\jre\bin\zip.dll
0x00007ffa05e80000 - 0x00007ffa07389000 	C:\WINDOWS\System32\SHELL32.dll
0x00007ffa03cc0000 - 0x00007ffa04399000 	C:\WINDOWS\System32\windows.storage.dll
0x00007ffa03b80000 - 0x00007ffa03bcc000 	C:\WINDOWS\System32\powrprof.dll
0x00007ffa051c0000 - 0x00007ffa05212000 	C:\WINDOWS\System32\shlwapi.dll
0x00007ffa03c10000 - 0x00007ffa03cb9000 	C:\WINDOWS\System32\shcore.dll
0x00007ffa03bf0000 - 0x00007ffa03c04000 	C:\WINDOWS\System32\profapi.dll
0x00007ffa01730000 - 0x00007ffa0173a000 	C:\Program Files\Java\jdk1.8.0_271\jre\bin\dt_socket.dll
0x00007ffa034b0000 - 0x00007ffa0350c000 	C:\WINDOWS\system32\mswsock.dll
0x00007ffa02070000 - 0x00007ffa0207d000 	C:\Program Files\Java\jdk1.8.0_271\jre\bin\management.dll
0x00007ff9f8160000 - 0x00007ff9f817c000 	C:\Program Files\Java\jdk1.8.0_271\jre\bin\net.dll
0x00007ff9ee940000 - 0x00007ff9ee956000 	C:\WINDOWS\system32\napinsp.dll
0x00007ff9ee860000 - 0x00007ff9ee87a000 	C:\WINDOWS\system32\pnrpnsp.dll
0x00007ffa01630000 - 0x00007ffa01648000 	C:\WINDOWS\system32\NLAapi.dll
0x00007ffa03270000 - 0x00007ffa03311000 	C:\WINDOWS\SYSTEM32\DNSAPI.dll
0x00007ffa07390000 - 0x00007ffa07398000 	C:\WINDOWS\System32\NSI.dll
0x00007ffa03230000 - 0x00007ffa03268000 	C:\WINDOWS\SYSTEM32\IPHLPAPI.DLL
0x00007ff9ee850000 - 0x00007ff9ee85e000 	C:\WINDOWS\System32\winrnr.dll
0x00007ff9ee830000 - 0x00007ff9ee845000 	C:\WINDOWS\System32\wshbth.dll
0x00007ff9f5820000 - 0x00007ff9f582a000 	C:\Windows\System32\rasadhlp.dll
0x00007ff9fcb80000 - 0x00007ff9fcbea000 	C:\WINDOWS\System32\fwpuclnt.dll
0x00007ffa03ac0000 - 0x00007ffa03aeb000 	C:\WINDOWS\SYSTEM32\bcrypt.dll
0x00007ff9f8140000 - 0x00007ff9f8153000 	C:\Program Files\Java\jdk1.8.0_271\jre\bin\nio.dll

VM Arguments:
jvm_args: -agentlib:jdwp=transport=dt_socket,address=127.0.0.1:57362,suspend=y,server=n -javaagent:C:\Users\DICKYA~1\AppData\Local\Temp\captureAgent891jars\debugger-agent.jar -Dfile.encoding=UTF-8 
java_command: com.kas.ApplikasiKasApplication
java_class_path (initial): C:\Program Files\Java\jdk1.8.0_271\jre\lib\charsets.jar;C:\Program Files\Java\jdk1.8.0_271\jre\lib\deploy.jar;C:\Program Files\Java\jdk1.8.0_271\jre\lib\ext\access-bridge-64.jar;C:\Program Files\Java\jdk1.8.0_271\jre\lib\ext\cldrdata.jar;C:\Program Files\Java\jdk1.8.0_271\jre\lib\ext\dnsns.jar;C:\Program Files\Java\jdk1.8.0_271\jre\lib\ext\jaccess.jar;C:\Program Files\Java\jdk1.8.0_271\jre\lib\ext\jfxrt.jar;C:\Program Files\Java\jdk1.8.0_271\jre\lib\ext\localedata.jar;C:\Program Files\Java\jdk1.8.0_271\jre\lib\ext\nashorn.jar;C:\Program Files\Java\jdk1.8.0_271\jre\lib\ext\sunec.jar;C:\Program Files\Java\jdk1.8.0_271\jre\lib\ext\sunjce_provider.jar;C:\Program Files\Java\jdk1.8.0_271\jre\lib\ext\sunmscapi.jar;C:\Program Files\Java\jdk1.8.0_271\jre\lib\ext\sunpkcs11.jar;C:\Program Files\Java\jdk1.8.0_271\jre\lib\ext\zipfs.jar;C:\Program Files\Java\jdk1.8.0_271\jre\lib\javaws.jar;C:\Program Files\Java\jdk1.8.0_271\jre\lib\jce.jar;C:\Program Files\Java\jdk1.8.0_271\jre\lib\jfr.jar;C:\Program Files\Java\jdk1.8.0_271\jre\lib\jfxswt.jar;C:\Program Files\Java\jdk1.8.0_271\jre\lib\jsse.jar;C:\Program Files\Java\jdk1.8.0_271\jre\lib\management-agent.jar;C:\Program Files\Java\jdk1.8.0_271\jre\lib\plugin.jar;C:\Program Files\Java\jdk1.8.0_271\jre\lib\resources.jar;C:\Program Files\Java\jdk1.8.0_271\jre\lib\rt.jar;C:\Users\Dicky Adriansyah\Documents\ProjectDickyTest\applikasi_kas\target\classes;C:\Users\Dicky Adriansyah\.m2\repository\org\springframework\boot\spring-boot-starter-data-jpa\2.2.1.RELEASE\spring-boot-starter-data-jpa-2.2.1.RELEASE.jar;C:\Users\Dicky Adriansyah\.m2\repository\org\springframework\boot\spring-boot-starter-aop\2.2.1.RELEASE\spring-boot-starter-aop-2.2.1.RELEASE.jar;C:\Users\Dicky Adriansyah\.m2\repository\org\aspectj\aspectjweaver\1.9.4\aspectjweaver-1.9.4.jar;C:\Users\Dicky Adriansyah\.m2\repository\org\springframework\boot\spring-boot-starter-jdbc\2.2.1.RELEASE\spring-boot-starter-jdbc-2.2.1.RELEASE.jar;C:\Users\Dicky Adria
Launcher Type: SUN_STANDARD

Environment Variables:
JAVA_HOME=C:\Program Files\Java\jdk1.8.0_271
PATH=C:\Program Files\Docker\Docker\Resources\bin;C:\Program Files (x86)\Common Files\Oracle\Java\javapath;C:\Program Files (x86)\Intel\iCLS Client\;C:\Program Files\Intel\iCLS Client\;C:\WINDOWS\system32;C:\WINDOWS;C:\WINDOWS\System32\Wbem;C:\WINDOWS\System32\WindowsPowerShell\v1.0\;c:\Program Files\Intel\WiFi\bin\;c:\Program Files\Common Files\Intel\WirelessCommon\;C:\Program Files (x86)\Intel\Intel(R) Management Engine Components\DAL;C:\Program Files\Intel\Intel(R) Management Engine Components\DAL;C:\Program Files (x86)\Intel\Intel(R) Management Engine Components\IPT;C:\Program Files\Intel\Intel(R) Management Engine Components\IPT;C:\Program Files\Java\jdk1.8.0_271\bin;C:\Program Files\apache-maven-3.6.3\bin;C:\ProgramData\chocolatey\bin;C:\Program Files\PuTTY\;C:\Users\Dicky Adriansyah\AppData\Local\Microsoft\WindowsApps;C:\Users\Dicky Adriansyah\AppData\Local\Programs\Git\cmd;C:\Users\Dicky Adriansyah\AppData\Local\Programs\Git\mingw64\bin;C:\Users\Dicky Adriansyah\AppData\Local\Programs\Git\usr\bin
USERNAME=Dicky Adriansyah
OS=Windows_NT
PROCESSOR_IDENTIFIER=Intel64 Family 6 Model 78 Stepping 3, GenuineIntel



---------------  S Y S T E M  ---------------

OS: Windows 10.0 , 64 bit Build 14393 (10.0.14393.2214)

CPU:total 4 (initial active 4) (2 cores per cpu, 2 threads per core) family 6 model 78 stepping 3, cmov, cx8, fxsr, mmx, sse, sse2, sse3, ssse3, sse4.1, sse4.2, popcnt, avx, avx2, aes, clmul, erms, 3dnowpref, lzcnt, ht, tsc, tscinvbit, bmi1, bmi2, adx

Memory: 4k page, physical 8283572k(807544k free), swap 12477876k(5128k free)

vm_info: Java HotSpot(TM) 64-Bit Server VM (25.271-b09) for windows-amd64 JRE (1.8.0_271-b09), built on Sep 16 2020 19:14:59 by "" with MS VC++ 15.9 (VS2017)

time: Thu Dec 31 17:39:45 2020
timezone: SE Asia Standard Time
elapsed time: 4.557236 seconds (0d 0h 0m 4s)

